<?xml version="1.0" encoding="UTF-8"?>
<!-- Generated by org.testng.reporters.JUnitReportReporter -->
<testsuite hostname="DESKTOP-40KEL8J" failures="0" tests="2" name="Testing.Test_Smart_By" time="0.795" errors="0" timestamp="2023-03-04T22:04:51 EEST" skipped="0">
  <testcase classname="Testing.Test_Smart_By" name="We_need_to_check_the_correct_price" time="0.089"/>
  <system-out/>
  <testcase classname="Testing.Test_Smart_By" name="Test_Adding_Item_Samsung50inch" time="0.706"/>
  <system-out/>
</testsuite> <!-- Testing.Test_Smart_By -->
