<?xml version="1.0" encoding="UTF-8"?>
<!-- Generated by org.testng.reporters.JUnitReportReporter -->
<testsuite hostname="DESKTOP-40KEL8J" failures="0" tests="1" name="My_Test_Cases" time="0.202" errors="0" timestamp="2023-01-26T13:53:11 EET" skipped="0">
  <testcase classname="My_Test_Cases" name="Validate_the_contact_form_information" time="0.202"/>
  <system-out/>
</testsuite> <!-- My_Test_Cases -->
