<?xml version="1.0" encoding="UTF-8"?>
<!-- Generated by org.testng.reporters.JUnitReportReporter -->
<testsuite hostname="DESKTOP-40KEL8J" failures="0" tests="1" name="SWAG.SIGN_UP_Test" time="0.248" errors="0" timestamp="2023-03-04T19:47:55 EEST" skipped="0">
  <testcase classname="SWAG.SIGN_UP_Test" name="Validate_the_Login" time="0.248"/>
  <system-out/>
</testsuite> <!-- SWAG.SIGN_UP_Test -->
